{"name": "test_warning", "status": "broken", "statusDetails": {"message": "selenium.common.exceptions.TimeoutException: Message: \nStacktrace:\nBacktrace:\n\t(No symbol) [0x00EE6643]\n\t(No symbol) [0x00E7BE21]\n\t(No symbol) [0x00D7DA9D]\n\t(No symbol) [0x00DB1342]\n\t(No symbol) [0x00DB147B]\n\t(No symbol) [0x00DE8DC2]\n\t(No symbol) [0x00DCFDC4]\n\t(No symbol) [0x00DE6B09]\n\t(No symbol) [0x00DCFB76]\n\t(No symbol) [0x00DA49C1]\n\t(No symbol) [0x00DA5E5D]\n\tGetHandleVerifier [0x0115A142+2497106]\n\tGetHandleVerifier [0x011885D3+2686691]\n\tGetHandleVerifier [0x0118BB9C+2700460]\n\tGetHandleVerifier [0x00F93B10+635936]\n\t(No symbol) [0x00E84A1F]\n\t(No symbol) [0x00E8A418]\n\t(No symbol) [0x00E8A505]\n\t(No symbol) [0x00E9508B]\n\tBaseThreadInitThunk [0x75EA00F9+25]\n\tRtlGetAppContainerNamedObjectPath [0x77027BBE+286]\n\tRtlGetAppContainerNamedObjectPath [0x77027B8E+238]", "trace": "driver = <selenium.webdriver.chrome.webdriver.WebDriver (session=\"04b3695da96f40a06185f3da95bd0f95\")>\n\n    def test_warning(driver):\n>       InfoMessage(driver).info_danger()\n\ntests\\test_page_reg_form.py:9: \n_ _ _ _ _ _ _ _ _ _ _ _ _ _ _ _ _ _ _ _ _ _ _ _ _ _ _ _ _ _ _ _ _ _ _ _ _ _ _ _ _ _ _ _ _ _ _ _ _ _ _ _ _ _ _ _ _ _ _ _ _ _ _ _ _ _ _ _ _ _ _ _ _ _ _ _ _ _ _ _ _ _ _ _ _ _ _ _ _ _ _ _\npage_objects\\elements\\InfoMessage.py:12: in info_danger\n    WebDriverWait(self.driver, 5).until(\n_ _ _ _ _ _ _ _ _ _ _ _ _ _ _ _ _ _ _ _ _ _ _ _ _ _ _ _ _ _ _ _ _ _ _ _ _ _ _ _ _ _ _ _ _ _ _ _ _ _ _ _ _ _ _ _ _ _ _ _ _ _ _ _ _ _ _ _ _ _ _ _ _ _ _ _ _ _ _ _ _ _ _ _ _ _ _ _ _ _ _ _\n\nself = <selenium.webdriver.support.wait.WebDriverWait (session=\"04b3695da96f40a06185f3da95bd0f95\")>\nmethod = <function visibility_of_element_located.<locals>._predicate at 0x00000228E9BDD800>, message = ''\n\n    def until(self, method, message: str = \"\"):\n        \"\"\"Calls the method provided with the driver as an argument until the \\\n        return value does not evaluate to ``False``.\n    \n        :param method: callable(WebDriver)\n        :param message: optional message for :exc:`TimeoutException`\n        :returns: the result of the last call to `method`\n        :raises: :exc:`selenium.common.exceptions.TimeoutException` if timeout occurs\n        \"\"\"\n        screen = None\n        stacktrace = None\n    \n        end_time = time.monotonic() + self._timeout\n        while True:\n            try:\n                value = method(self._driver)\n                if value:\n                    return value\n            except self._ignored_exceptions as exc:\n                screen = getattr(exc, \"screen\", None)\n                stacktrace = getattr(exc, \"stacktrace\", None)\n            time.sleep(self._poll)\n            if time.monotonic() > end_time:\n                break\n>       raise TimeoutException(message, screen, stacktrace)\nE       selenium.common.exceptions.TimeoutException: Message: \nE       Stacktrace:\nE       Backtrace:\nE       \t(No symbol) [0x00EE6643]\nE       \t(No symbol) [0x00E7BE21]\nE       \t(No symbol) [0x00D7DA9D]\nE       \t(No symbol) [0x00DB1342]\nE       \t(No symbol) [0x00DB147B]\nE       \t(No symbol) [0x00DE8DC2]\nE       \t(No symbol) [0x00DCFDC4]\nE       \t(No symbol) [0x00DE6B09]\nE       \t(No symbol) [0x00DCFB76]\nE       \t(No symbol) [0x00DA49C1]\nE       \t(No symbol) [0x00DA5E5D]\nE       \tGetHandleVerifier [0x0115A142+2497106]\nE       \tGetHandleVerifier [0x011885D3+2686691]\nE       \tGetHandleVerifier [0x0118BB9C+2700460]\nE       \tGetHandleVerifier [0x00F93B10+635936]\nE       \t(No symbol) [0x00E84A1F]\nE       \t(No symbol) [0x00E8A418]\nE       \t(No symbol) [0x00E8A505]\nE       \t(No symbol) [0x00E9508B]\nE       \tBaseThreadInitThunk [0x75EA00F9+25]\nE       \tRtlGetAppContainerNamedObjectPath [0x77027BBE+286]\nE       \tRtlGetAppContainerNamedObjectPath [0x77027B8E+238]\n\nvenv\\Lib\\site-packages\\selenium\\webdriver\\support\\wait.py:95: TimeoutException"}, "start": 1677611341127, "stop": 1677611346453, "uuid": "500bac24-e4f4-4c9b-8ca2-f1bba1978c1e", "historyId": "df30cd0af2c0f35bb1811304a54c5731", "testCaseId": "11062da7741ed11a96645ac2b26a549b", "fullName": "tests.test_page_reg_form#test_warning", "labels": [{"name": "parentSuite", "value": "tests"}, {"name": "suite", "value": "test_page_reg_form"}, {"name": "host", "value": "DESKTOP-R1UDJCT"}, {"name": "thread", "value": "10612-MainThread"}, {"name": "framework", "value": "pytest"}, {"name": "language", "value": "cpython3"}, {"name": "package", "value": "tests.test_page_reg_form"}]}