{"name": "test_add_to_cart", "status": "broken", "statusDetails": {"message": "selenium.common.exceptions.NoSuchElementException: Message: no such element: Unable to locate element: {\"method\":\"link text\",\"selector\":\"Success\"}\n  (Session info: chrome=110.0.5481.100)\nStacktrace:\nBacktrace:\n\t(No symbol) [0x00EE6643]\n\t(No symbol) [0x00E7BE21]\n\t(No symbol) [0x00D7DA9D]\n\t(No symbol) [0x00DB1342]\n\t(No symbol) [0x00DB147B]\n\t(No symbol) [0x00DE8DC2]\n\t(No symbol) [0x00DCFDC4]\n\t(No symbol) [0x00DE6B09]\n\t(No symbol) [0x00DCFB76]\n\t(No symbol) [0x00DA49C1]\n\t(No symbol) [0x00DA5E5D]\n\tGetHandleVerifier [0x0115A142+2497106]\n\tGetHandleVerifier [0x011885D3+2686691]\n\tGetHandleVerifier [0x0118BB9C+2700460]\n\tGetHandleVerifier [0x00F93B10+635936]\n\t(No symbol) [0x00E84A1F]\n\t(No symbol) [0x00E8A418]\n\t(No symbol) [0x00E8A505]\n\t(No symbol) [0x00E9508B]\n\tBaseThreadInitThunk [0x75EA00F9+25]\n\tRtlGetAppContainerNamedObjectPath [0x77027BBE+286]\n\tRtlGetAppContainerNamedObjectPath [0x77027B8E+238]", "trace": "driver = <selenium.webdriver.chrome.webdriver.WebDriver (session=\"7435199a3cda0b984e830be3098b63d7\")>, base_url = 'http:192.168.1.7:8081'\n\n    @allure.step('Home page: Add goods to cart')\n    def test_add_to_cart(driver, base_url):\n>       UserPage(driver).login(User.LOGIN, User.PASSWORD, base_url)\n\ntests\\test_page_home.py:37: \n_ _ _ _ _ _ _ _ _ _ _ _ _ _ _ _ _ _ _ _ _ _ _ _ _ _ _ _ _ _ _ _ _ _ _ _ _ _ _ _ _ _ _ _ _ _ _ _ _ _ _ _ _ _ _ _ _ _ _ _ _ _ _ _ _ _ _ _ _ _ _ _ _ _ _ _ _ _ _ _ _ _ _ _ _ _ _ _ _ _ _ _\npage_objects\\UserPage.py:32: in login\n    assert self.driver.find_element(By.LINK_TEXT, 'Success')\nvenv\\Lib\\site-packages\\selenium\\webdriver\\remote\\webdriver.py:830: in find_element\n    return self.execute(Command.FIND_ELEMENT, {\"using\": by, \"value\": value})[\"value\"]\nvenv\\Lib\\site-packages\\selenium\\webdriver\\remote\\webdriver.py:440: in execute\n    self.error_handler.check_response(response)\n_ _ _ _ _ _ _ _ _ _ _ _ _ _ _ _ _ _ _ _ _ _ _ _ _ _ _ _ _ _ _ _ _ _ _ _ _ _ _ _ _ _ _ _ _ _ _ _ _ _ _ _ _ _ _ _ _ _ _ _ _ _ _ _ _ _ _ _ _ _ _ _ _ _ _ _ _ _ _ _ _ _ _ _ _ _ _ _ _ _ _ _\n\nself = <selenium.webdriver.remote.errorhandler.ErrorHandler object at 0x00000228E9B2F410>\nresponse = {'status': 404, 'value': '{\"value\":{\"error\":\"no such element\",\"message\":\"no such element: Unable to locate element: {\\...\\n\\\\tRtlGetAppContainerNamedObjectPath [0x77027BBE+286]\\\\n\\\\tRtlGetAppContainerNamedObjectPath [0x77027B8E+238]\\\\n\"}}'}\n\n    def check_response(self, response: Dict[str, Any]) -> None:\n        \"\"\"Checks that a JSON response from the WebDriver does not have an\n        error.\n    \n        :Args:\n         - response - The JSON response from the WebDriver server as a dictionary\n           object.\n    \n        :Raises: If the response contains an error message.\n        \"\"\"\n        status = response.get(\"status\", None)\n        if not status or status == ErrorCode.SUCCESS:\n            return\n        value = None\n        message = response.get(\"message\", \"\")\n        screen: str = response.get(\"screen\", \"\")\n        stacktrace = None\n        if isinstance(status, int):\n            value_json = response.get(\"value\", None)\n            if value_json and isinstance(value_json, str):\n                import json\n    \n                try:\n                    value = json.loads(value_json)\n                    if len(value.keys()) == 1:\n                        value = value[\"value\"]\n                    status = value.get(\"error\", None)\n                    if not status:\n                        status = value.get(\"status\", ErrorCode.UNKNOWN_ERROR)\n                        message = value.get(\"value\") or value.get(\"message\")\n                        if not isinstance(message, str):\n                            value = message\n                            message = message.get(\"message\")\n                    else:\n                        message = value.get(\"message\", None)\n                except ValueError:\n                    pass\n    \n        exception_class: Type[WebDriverException]\n        if status in ErrorCode.NO_SUCH_ELEMENT:\n            exception_class = NoSuchElementException\n        elif status in ErrorCode.NO_SUCH_FRAME:\n            exception_class = NoSuchFrameException\n        elif status in ErrorCode.NO_SUCH_SHADOW_ROOT:\n            exception_class = NoSuchShadowRootException\n        elif status in ErrorCode.NO_SUCH_WINDOW:\n            exception_class = NoSuchWindowException\n        elif status in ErrorCode.STALE_ELEMENT_REFERENCE:\n            exception_class = StaleElementReferenceException\n        elif status in ErrorCode.ELEMENT_NOT_VISIBLE:\n            exception_class = ElementNotVisibleException\n        elif status in ErrorCode.INVALID_ELEMENT_STATE:\n            exception_class = InvalidElementStateException\n        elif (\n            status in ErrorCode.INVALID_SELECTOR\n            or status in ErrorCode.INVALID_XPATH_SELECTOR\n            or status in ErrorCode.INVALID_XPATH_SELECTOR_RETURN_TYPER\n        ):\n            exception_class = InvalidSelectorException\n        elif status in ErrorCode.ELEMENT_IS_NOT_SELECTABLE:\n            exception_class = ElementNotSelectableException\n        elif status in ErrorCode.ELEMENT_NOT_INTERACTABLE:\n            exception_class = ElementNotInteractableException\n        elif status in ErrorCode.INVALID_COOKIE_DOMAIN:\n            exception_class = InvalidCookieDomainException\n        elif status in ErrorCode.UNABLE_TO_SET_COOKIE:\n            exception_class = UnableToSetCookieException\n        elif status in ErrorCode.TIMEOUT:\n            exception_class = TimeoutException\n        elif status in ErrorCode.SCRIPT_TIMEOUT:\n            exception_class = TimeoutException\n        elif status in ErrorCode.UNKNOWN_ERROR:\n            exception_class = WebDriverException\n        elif status in ErrorCode.UNEXPECTED_ALERT_OPEN:\n            exception_class = UnexpectedAlertPresentException\n        elif status in ErrorCode.NO_ALERT_OPEN:\n            exception_class = NoAlertPresentException\n        elif status in ErrorCode.IME_NOT_AVAILABLE:\n            exception_class = ImeNotAvailableException\n        elif status in ErrorCode.IME_ENGINE_ACTIVATION_FAILED:\n            exception_class = ImeActivationFailedException\n        elif status in ErrorCode.MOVE_TARGET_OUT_OF_BOUNDS:\n            exception_class = MoveTargetOutOfBoundsException\n        elif status in ErrorCode.JAVASCRIPT_ERROR:\n            exception_class = JavascriptException\n        elif status in ErrorCode.SESSION_NOT_CREATED:\n            exception_class = SessionNotCreatedException\n        elif status in ErrorCode.INVALID_ARGUMENT:\n            exception_class = InvalidArgumentException\n        elif status in ErrorCode.NO_SUCH_COOKIE:\n            exception_class = NoSuchCookieException\n        elif status in ErrorCode.UNABLE_TO_CAPTURE_SCREEN:\n            exception_class = ScreenshotException\n        elif status in ErrorCode.ELEMENT_CLICK_INTERCEPTED:\n            exception_class = ElementClickInterceptedException\n        elif status in ErrorCode.INSECURE_CERTIFICATE:\n            exception_class = InsecureCertificateException\n        elif status in ErrorCode.INVALID_COORDINATES:\n            exception_class = InvalidCoordinatesException\n        elif status in ErrorCode.INVALID_SESSION_ID:\n            exception_class = InvalidSessionIdException\n        elif status in ErrorCode.UNKNOWN_METHOD:\n            exception_class = UnknownMethodException\n        else:\n            exception_class = WebDriverException\n        if not value:\n            value = response[\"value\"]\n        if isinstance(value, str):\n            raise exception_class(value)\n        if message == \"\" and \"message\" in value:\n            message = value[\"message\"]\n    \n        screen = None  # type: ignore[assignment]\n        if \"screen\" in value:\n            screen = value[\"screen\"]\n    \n        stacktrace = None\n        st_value = value.get(\"stackTrace\") or value.get(\"stacktrace\")\n        if st_value:\n            if isinstance(st_value, str):\n                stacktrace = st_value.split(\"\\n\")\n            else:\n                stacktrace = []\n                try:\n                    for frame in st_value:\n                        line = frame.get(\"lineNumber\", \"\")\n                        file = frame.get(\"fileName\", \"<anonymous>\")\n                        if line:\n                            file = f\"{file}:{line}\"\n                        meth = frame.get(\"methodName\", \"<anonymous>\")\n                        if \"className\" in frame:\n                            meth = f\"{frame['className']}.{meth}\"\n                        msg = \"    at %s (%s)\"\n                        msg = msg % (meth, file)\n                        stacktrace.append(msg)\n                except TypeError:\n                    pass\n        if exception_class == UnexpectedAlertPresentException:\n            alert_text = None\n            if \"data\" in value:\n                alert_text = value[\"data\"].get(\"text\")\n            elif \"alert\" in value:\n                alert_text = value[\"alert\"].get(\"text\")\n            raise exception_class(message, screen, stacktrace, alert_text)  # type: ignore[call-arg]  # mypy is not smart enough here\n>       raise exception_class(message, screen, stacktrace)\nE       selenium.common.exceptions.NoSuchElementException: Message: no such element: Unable to locate element: {\"method\":\"link text\",\"selector\":\"Success\"}\nE         (Session info: chrome=110.0.5481.100)\nE       Stacktrace:\nE       Backtrace:\nE       \t(No symbol) [0x00EE6643]\nE       \t(No symbol) [0x00E7BE21]\nE       \t(No symbol) [0x00D7DA9D]\nE       \t(No symbol) [0x00DB1342]\nE       \t(No symbol) [0x00DB147B]\nE       \t(No symbol) [0x00DE8DC2]\nE       \t(No symbol) [0x00DCFDC4]\nE       \t(No symbol) [0x00DE6B09]\nE       \t(No symbol) [0x00DCFB76]\nE       \t(No symbol) [0x00DA49C1]\nE       \t(No symbol) [0x00DA5E5D]\nE       \tGetHandleVerifier [0x0115A142+2497106]\nE       \tGetHandleVerifier [0x011885D3+2686691]\nE       \tGetHandleVerifier [0x0118BB9C+2700460]\nE       \tGetHandleVerifier [0x00F93B10+635936]\nE       \t(No symbol) [0x00E84A1F]\nE       \t(No symbol) [0x00E8A418]\nE       \t(No symbol) [0x00E8A505]\nE       \t(No symbol) [0x00E9508B]\nE       \tBaseThreadInitThunk [0x75EA00F9+25]\nE       \tRtlGetAppContainerNamedObjectPath [0x77027BBE+286]\nE       \tRtlGetAppContainerNamedObjectPath [0x77027B8E+238]\n\nvenv\\Lib\\site-packages\\selenium\\webdriver\\remote\\errorhandler.py:245: NoSuchElementException"}, "steps": [{"name": "Home page: Add goods to cart", "status": "broken", "statusDetails": {"message": "selenium.common.exceptions.NoSuchElementException: Message: no such element: Unable to locate element: {\"method\":\"link text\",\"selector\":\"Success\"}\n  (Session info: chrome=110.0.5481.100)\nStacktrace:\nBacktrace:\n\t(No symbol) [0x00EE6643]\n\t(No symbol) [0x00E7BE21]\n\t(No symbol) [0x00D7DA9D]\n\t(No symbol) [0x00DB1342]\n\t(No symbol) [0x00DB147B]\n\t(No symbol) [0x00DE8DC2]\n\t(No symbol) [0x00DCFDC4]\n\t(No symbol) [0x00DE6B09]\n\t(No symbol) [0x00DCFB76]\n\t(No symbol) [0x00DA49C1]\n\t(No symbol) [0x00DA5E5D]\n\tGetHandleVerifier [0x0115A142+2497106]\n\tGetHandleVerifier [0x011885D3+2686691]\n\tGetHandleVerifier [0x0118BB9C+2700460]\n\tGetHandleVerifier [0x00F93B10+635936]\n\t(No symbol) [0x00E84A1F]\n\t(No symbol) [0x00E8A418]\n\t(No symbol) [0x00E8A505]\n\t(No symbol) [0x00E9508B]\n\tBaseThreadInitThunk [0x75EA00F9+25]\n\tRtlGetAppContainerNamedObjectPath [0x77027BBE+286]\n\tRtlGetAppContainerNamedObjectPath [0x77027B8E+238]\n\n", "trace": "  File \"C:\\Users\\qwert\\Documents\\Study\\Otus_HW_5\\venv\\Lib\\site-packages\\allure_commons\\_allure.py\", line 192, in impl\n    return func(*a, **kw)\n           ^^^^^^^^^^^^^^\n  File \"C:\\Users\\qwert\\Documents\\Study\\Otus_HW_5\\tests\\test_page_home.py\", line 37, in test_add_to_cart\n    UserPage(driver).login(User.LOGIN, User.PASSWORD, base_url)\n  File \"C:\\Users\\qwert\\Documents\\Study\\Otus_HW_5\\venv\\Lib\\site-packages\\allure_commons\\_allure.py\", line 192, in impl\n    return func(*a, **kw)\n           ^^^^^^^^^^^^^^\n  File \"C:\\Users\\qwert\\Documents\\Study\\Otus_HW_5\\page_objects\\UserPage.py\", line 32, in login\n    assert self.driver.find_element(By.LINK_TEXT, 'Success')\n           ^^^^^^^^^^^^^^^^^^^^^^^^^^^^^^^^^^^^^^^^^^^^^^^^^\n  File \"C:\\Users\\qwert\\Documents\\Study\\Otus_HW_5\\venv\\Lib\\site-packages\\selenium\\webdriver\\remote\\webdriver.py\", line 830, in find_element\n    return self.execute(Command.FIND_ELEMENT, {\"using\": by, \"value\": value})[\"value\"]\n           ^^^^^^^^^^^^^^^^^^^^^^^^^^^^^^^^^^^^^^^^^^^^^^^^^^^^^^^^^^^^^^^^^\n  File \"C:\\Users\\qwert\\Documents\\Study\\Otus_HW_5\\venv\\Lib\\site-packages\\selenium\\webdriver\\remote\\webdriver.py\", line 440, in execute\n    self.error_handler.check_response(response)\n  File \"C:\\Users\\qwert\\Documents\\Study\\Otus_HW_5\\venv\\Lib\\site-packages\\selenium\\webdriver\\remote\\errorhandler.py\", line 245, in check_response\n    raise exception_class(message, screen, stacktrace)\n"}, "steps": [{"name": "login", "status": "broken", "statusDetails": {"message": "selenium.common.exceptions.NoSuchElementException: Message: no such element: Unable to locate element: {\"method\":\"link text\",\"selector\":\"Success\"}\n  (Session info: chrome=110.0.5481.100)\nStacktrace:\nBacktrace:\n\t(No symbol) [0x00EE6643]\n\t(No symbol) [0x00E7BE21]\n\t(No symbol) [0x00D7DA9D]\n\t(No symbol) [0x00DB1342]\n\t(No symbol) [0x00DB147B]\n\t(No symbol) [0x00DE8DC2]\n\t(No symbol) [0x00DCFDC4]\n\t(No symbol) [0x00DE6B09]\n\t(No symbol) [0x00DCFB76]\n\t(No symbol) [0x00DA49C1]\n\t(No symbol) [0x00DA5E5D]\n\tGetHandleVerifier [0x0115A142+2497106]\n\tGetHandleVerifier [0x011885D3+2686691]\n\tGetHandleVerifier [0x0118BB9C+2700460]\n\tGetHandleVerifier [0x00F93B10+635936]\n\t(No symbol) [0x00E84A1F]\n\t(No symbol) [0x00E8A418]\n\t(No symbol) [0x00E8A505]\n\t(No symbol) [0x00E9508B]\n\tBaseThreadInitThunk [0x75EA00F9+25]\n\tRtlGetAppContainerNamedObjectPath [0x77027BBE+286]\n\tRtlGetAppContainerNamedObjectPath [0x77027B8E+238]\n\n", "trace": "  File \"C:\\Users\\qwert\\Documents\\Study\\Otus_HW_5\\venv\\Lib\\site-packages\\allure_commons\\_allure.py\", line 192, in impl\n    return func(*a, **kw)\n           ^^^^^^^^^^^^^^\n  File \"C:\\Users\\qwert\\Documents\\Study\\Otus_HW_5\\page_objects\\UserPage.py\", line 32, in login\n    assert self.driver.find_element(By.LINK_TEXT, 'Success')\n           ^^^^^^^^^^^^^^^^^^^^^^^^^^^^^^^^^^^^^^^^^^^^^^^^^\n  File \"C:\\Users\\qwert\\Documents\\Study\\Otus_HW_5\\venv\\Lib\\site-packages\\selenium\\webdriver\\remote\\webdriver.py\", line 830, in find_element\n    return self.execute(Command.FIND_ELEMENT, {\"using\": by, \"value\": value})[\"value\"]\n           ^^^^^^^^^^^^^^^^^^^^^^^^^^^^^^^^^^^^^^^^^^^^^^^^^^^^^^^^^^^^^^^^^\n  File \"C:\\Users\\qwert\\Documents\\Study\\Otus_HW_5\\venv\\Lib\\site-packages\\selenium\\webdriver\\remote\\webdriver.py\", line 440, in execute\n    self.error_handler.check_response(response)\n  File \"C:\\Users\\qwert\\Documents\\Study\\Otus_HW_5\\venv\\Lib\\site-packages\\selenium\\webdriver\\remote\\errorhandler.py\", line 245, in check_response\n    raise exception_class(message, screen, stacktrace)\n"}, "parameters": [{"name": "email", "value": "'test'"}, {"name": "user_password", "value": "'test'"}, {"name": "base_url", "value": "'http:192.168.1.7:8081'"}], "start": 1677611140288, "stop": 1677611147637}], "parameters": [{"name": "driver", "value": "<selenium.webdriver.chrome.webdriver.WebDriver (session=\"7435199a3cda0b984e830be3098b63d7\")>"}, {"name": "base_url", "value": "'http:192.168.1.7:8081'"}], "start": 1677611140285, "stop": 1677611147637}], "attachments": [{"name": "log", "source": "5a80f146-8260-469f-a106-aecc9c0ba817-attachment.txt", "type": "text/plain"}], "start": 1677611140285, "stop": 1677611147637, "uuid": "6177e4cd-7814-40a3-84dd-42f54c7571cc", "historyId": "6ef79cbc404a784f33df3ae904f700fd", "testCaseId": "19f2b9fb81fa58b83f299e654e6f0dc1", "fullName": "tests.test_page_home#test_add_to_cart", "labels": [{"name": "parentSuite", "value": "tests"}, {"name": "suite", "value": "test_page_home"}, {"name": "host", "value": "DESKTOP-R1UDJCT"}, {"name": "thread", "value": "10612-MainThread"}, {"name": "framework", "value": "pytest"}, {"name": "language", "value": "cpython3"}, {"name": "package", "value": "tests.test_page_home"}]}